<?xml version="1.0" encoding="UTF-8"?>
<testng-results ignored="0" total="2" passed="2" failed="0" skipped="0">
  <reporter-output>
  </reporter-output>
  <suite started-at="2019-11-27T19:01:08 IST" name="Default suite" finished-at="2019-11-27T19:02:04 IST" duration-ms="55444">
    <groups>
    </groups>
    <test started-at="2019-11-27T19:01:08 IST" name="Default test" finished-at="2019-11-27T19:02:04 IST" duration-ms="55444">
      <class name="com.atmecs.php.test.AutomatingPhp">
        <test-method is-config="true" signature="browserLaunch()[pri:0, instance:com.atmecs.php.test.AutomatingPhp@124c278f]" started-at="2019-11-27T19:01:08 IST" name="browserLaunch" finished-at="2019-11-27T19:01:24 IST" duration-ms="15912" status="PASS">
          <reporter-output>
          </reporter-output>
        </test-method> <!-- browserLaunch -->
        <test-method signature="loginIntoApplication()[pri:1, instance:com.atmecs.php.test.AutomatingPhp@124c278f]" started-at="2019-11-27T19:01:24 IST" name="loginIntoApplication" finished-at="2019-11-27T19:01:27 IST" duration-ms="2693" status="PASS">
          <reporter-output>
          </reporter-output>
        </test-method> <!-- loginIntoApplication -->
        <test-method signature="validatingAccountPage()[pri:2, instance:com.atmecs.php.test.AutomatingPhp@124c278f]" started-at="2019-11-27T19:01:27 IST" name="validatingAccountPage" finished-at="2019-11-27T19:02:03 IST" duration-ms="35780" status="PASS">
          <reporter-output>
          </reporter-output>
        </test-method> <!-- validatingAccountPage -->
        <test-method is-config="true" signature="browserClose()[pri:0, instance:com.atmecs.php.test.AutomatingPhp@124c278f]" started-at="2019-11-27T19:02:03 IST" name="browserClose" finished-at="2019-11-27T19:02:04 IST" duration-ms="1007" status="PASS">
          <reporter-output>
          </reporter-output>
        </test-method> <!-- browserClose -->
      </class> <!-- com.atmecs.php.test.AutomatingPhp -->
    </test> <!-- Default test -->
  </suite> <!-- Default suite -->
</testng-results>
